c:\users\uther\source\repos\taskbarexplorerpatch\taskbarexplorerpatch\x64\release\moonbar.explorerpatch.pch
c:\users\uther\source\repos\taskbarexplorerpatch\taskbarexplorerpatch\x64\release\vc143.pdb
c:\users\uther\source\repos\taskbarexplorerpatch\taskbarexplorerpatch\x64\release\pch.obj
c:\users\uther\source\repos\taskbarexplorerpatch\taskbarexplorerpatch\x64\release\hook.obj
c:\users\uther\source\repos\taskbarexplorerpatch\taskbarexplorerpatch\x64\release\dllmain.obj
c:\users\uther\source\repos\taskbarexplorerpatch\x64\release\moonbar.explorerpatch.dll
c:\users\uther\source\repos\taskbarexplorerpatch\taskbarexplorerpatch\x64\release\moonbar.explorerpatch.ipdb
c:\users\uther\source\repos\taskbarexplorerpatch\x64\release\moonbar.explorerpatch.pdb
c:\users\uther\source\repos\taskbarexplorerpatch\taskbarexplorerpatch\x64\release\moonbar.explorerpatch.iobj
c:\users\uther\source\repos\moonbar.explorerpatch\moonbar.explorerpatch\x64\release\dllmain.obj
c:\users\uther\source\repos\moonbar.explorerpatch\moonbar.explorerpatch\x64\release\hook.obj
c:\users\uther\source\repos\moonbar.explorerpatch\moonbar.explorerpatch\x64\release\pch.obj
c:\users\uther\source\repos\moonbar.explorerpatch\moonbar.explorerpatch\x64\release\moonbar.explorerpatch.ipdb
c:\users\uther\source\repos\moonbar.explorerpatch\moonbar.explorerpatch\x64\release\moonbar.explorerpatch.iobj
c:\users\uther\source\repos\moonbar.explorerpatch\moonbar.explorerpatch\x64\release\moonbar.explorerpatch.pch
c:\users\uther\source\repos\moonbar.explorerpatch\moonbar.explorerpatch\x64\release\vc143.pdb
c:\users\uther\source\repos\moonbar.explorerpatch\x64\release\moonbar.explorerpatch.pdb
c:\users\uther\source\repos\moonbar.explorerpatch\x64\release\moonbar.explorerpatch.dll
c:\users\uther\source\repos\moonbar.explorerpatch\moonbar.explorerpatch\x64\release\moonbar..2a1d6d33.tlog\cl.command.1.tlog
c:\users\uther\source\repos\moonbar.explorerpatch\moonbar.explorerpatch\x64\release\moonbar..2a1d6d33.tlog\cl.read.1.tlog
c:\users\uther\source\repos\moonbar.explorerpatch\moonbar.explorerpatch\x64\release\moonbar..2a1d6d33.tlog\cl.write.1.tlog
c:\users\uther\source\repos\moonbar.explorerpatch\moonbar.explorerpatch\x64\release\moonbar..2a1d6d33.tlog\link.command.1.tlog
c:\users\uther\source\repos\moonbar.explorerpatch\moonbar.explorerpatch\x64\release\moonbar..2a1d6d33.tlog\link.read.1.tlog
c:\users\uther\source\repos\moonbar.explorerpatch\moonbar.explorerpatch\x64\release\moonbar..2a1d6d33.tlog\link.write.1.tlog
